<?xml version="1.0" encoding="UTF-8"?>
<!-- Generated by org.testng.reporters.JUnitXMLReporter -->
<testsuite hostname="crv" name="Default test" tests="3" failures="1" timestamp="1 Oct 2016 17:27:08 GMT" time="0.077" errors="0">
  <testcase name="add2_get" time="0.01" classname="es.upo.cal.Tester_ListImplementation"/>
  <testcase name="add_contains" time="0.003" classname="es.upo.cal.Tester_ListImplementation"/>
  <testcase name="add_get" time="0.001" classname="es.upo.cal.Tester_ListImplementation">
    <failure type="java.lang.AssertionError" message="expected:&amp;lt;3&amp;gt; but was:&amp;lt;8&amp;gt;">
      <![CDATA[java.lang.AssertionError: expected:<3> but was:<8>
	at es.upo.cal.Tester_ListImplementation.add_get(Tester_ListImplementation.java:36)
... Removed 28 stack frames]]>
    </failure>
  </testcase> <!-- add_get -->
</testsuite> <!-- Default test -->
